Remove Pin=8P4R Resistor-1 From Net=Touch2
Remove Pin=8P4R Resistor-2 From Net=Touch4
Remove Pin=8P4R Resistor-3 From Net=Touch5
Remove Pin=8P4R Resistor-4 From Net=Touch6
Remove Pin=BOOT0-2 From Net=BOOT0
Remove Pin=C11-2 From Net=SNEADJ0
Remove Pin=C12-2 From Net=SNEADJ1
Remove Pin=MATRIX MOD-2 From Net=RX1
Remove Pin=MATRIX MOD-4 From Net=TX1
Remove Pin=R2-1 From Net=BOOT0
Remove Pin=R3-1 From Net=FN
Remove Pin=R4-2 From Net=MCUUSB+
Remove Pin=R5-1 From Net=USB-
Remove Pin=R5-2 From Net=MCUUSB-
Remove Pin=R10-1 From Net=CC
Remove Pin=RET6-22 From Net=Analog6
Remove Pin=RET6-23 From Net=Analog7
Change Component Footprint: Designator=MXM1 Old Footprint=10pin FPC New Footprint=10P FPC 0.5mm
Change Component Footprint: Designator=MXM2 Old Footprint=10pin FPC New Footprint=10P FPC 0.5mm
Change Component Footprint: Designator=R7 Old Footprint=0603 New Footprint=1608[0603]
Change Component Footprint: Designator=R10 Old Footprint=0603 New Footprint=1608[0603]
Change Component Footprint: Designator=C1 Old Footprint=C1206 New Footprint=1608[0603]
Change Component Footprint: Designator=C2 Old Footprint=C1206 New Footprint=1608[0603]
Change Component Footprint: Designator=C3 Old Footprint=C1206 New Footprint=1608[0603]
Change Component Footprint: Designator=C4 Old Footprint=C1206 New Footprint=1608[0603]
Change Component Footprint: Designator=C5 Old Footprint=C1206 New Footprint=1608[0603]
Change Component Footprint: Designator=C6 Old Footprint=C1206 New Footprint=1608[0603]
Change Component Footprint: Designator=C7 Old Footprint=C1206 New Footprint=1608[0603]
Change Component Footprint: Designator=C8 Old Footprint=C1206 New Footprint=1608[0603]
Change Component Footprint: Designator=C9 Old Footprint=C1206 New Footprint=1608[0603]
Change Component Footprint: Designator=C10 Old Footprint=C1206 New Footprint=1608[0603]
Change Component Footprint: Designator=C11 Old Footprint=C1206 New Footprint=1608[0603]
Change Component Footprint: Designator=C12 Old Footprint=C1206 New Footprint=1608[0603]
Change Component Footprint: Designator=C13 Old Footprint=C1206 New Footprint=1608[0603]
Change Component Footprint: Designator=C14 Old Footprint=C1206 New Footprint=1608[0603]
Change Component Footprint: Designator=C15 Old Footprint=C1206 New Footprint=1608[0603]
Change Component Footprint: Designator=C16 Old Footprint=C1206 New Footprint=1608[0603]
Change Component Footprint: Designator=R2 Old Footprint=C1206 New Footprint=1608[0603]
Change Component Footprint: Designator=R3 Old Footprint=C1206 New Footprint=1608[0603]
Change Component Footprint: Designator=Matrix Key Old Footprint=dome button New Footprint=sw5x5
Change Component Footprint: Designator=UART Old Footprint=MHDR1X2 New Footprint=HDR1X2
Change Component Comment: Designator=TouchBar1 Old Comment=6 pin fpc New Comment=Comment
Change Component Comment: Designator=TouchBar2 Old Comment=6 pin fpc New Comment=Comment
Change Component Comment: Designator=MXM1 Old Comment=10 pin fpc New Comment=Comment
Change Component Comment: Designator=MXM2 Old Comment=10 pin fpc New Comment=Comment
Change Component Comment: Designator=Y1 Old Comment=CSTCE8M0055-R0 New Comment=Comment
Change Component Comment: Designator=UART Old Comment=MHDR1X2 New Comment=Comment
Change Component Comment: Designator=* Old Comment=PL2700 New Comment=Comment
Change Component Comment: Designator=C11 Old Comment=System New Comment=50PF NR0
Change Component Comment: Designator=C12 Old Comment=System New Comment=50PF NR0
Change Component Comment: Designator=C13 Old Comment=System New Comment=50PF NR0
Change Component Comment: Designator=C10 Old Comment=System New Comment=Cap Semi
Change Component Comment: Designator=Matrix Key Old Comment=System New Comment=Comment
Change Component Comment: Designator=R1 Old Comment=System New Comment=Res2
Change Component Comment: Designator=R2 Old Comment=System New Comment=Res2
Change Component Comment: Designator=R3 Old Comment=System New Comment=Res2
Change Component Comment: Designator=R6 Old Comment=System New Comment=Res2
Change Component Comment: Designator=RLED Old Comment=System New Comment=Res2
Change Component Comment: Designator=SWD Old Comment=System New Comment=SWD
Change Component Comment: Designator=1 Old Comment=System New Comment=USBC 16PIN
Change Component Comment: Designator=TOUCH IC Old Comment=TTP229 New Comment=Comment
Change Component Designator: OldDesignator=* NewDesignator=PDS
Change Component Designator: OldDesignator=1 NewDesignator=USB-C
Change Component Designator: OldDesignator=8P4R Resistor NewDesignator=RA1
Change Component Designator: OldDesignator=C1 NewDesignator=C7
Change Component Designator: OldDesignator=C2 NewDesignator=C8
Change Component Designator: OldDesignator=C3 NewDesignator=C9
Change Component Designator: OldDesignator=C4 NewDesignator=C10
Change Component Designator: OldDesignator=C5 NewDesignator=C11
Change Component Designator: OldDesignator=C6 NewDesignator=C4
Change Component Designator: OldDesignator=C7 NewDesignator=C3
Change Component Designator: OldDesignator=C8 NewDesignator=C2
Change Component Designator: OldDesignator=C9 NewDesignator=C1
Change Component Designator: OldDesignator=C9 NewDesignator=C16
Change Component Designator: OldDesignator=C10 NewDesignator=C1
Change Component Designator: OldDesignator=C10 NewDesignator=C15
Change Component Designator: OldDesignator=C11 NewDesignator=C2
Change Component Designator: OldDesignator=C11 NewDesignator=C14
Change Component Designator: OldDesignator=C12 NewDesignator=C3
Change Component Designator: OldDesignator=C12 NewDesignator=C13
Change Component Designator: OldDesignator=C13 NewDesignator=C4
Change Component Designator: OldDesignator=C13 NewDesignator=C12
Change Component Designator: OldDesignator=C14 NewDesignator=C6
Change Component Designator: OldDesignator=C14 NewDesignator=C11
Change Component Designator: OldDesignator=C15 NewDesignator=C5
Change Component Designator: OldDesignator=C15 NewDesignator=C10
Change Component Designator: OldDesignator=C16 NewDesignator=C9
Change Component Designator: OldDesignator=C16 NewDesignator=C12
Change Component Designator: OldDesignator=C17 NewDesignator=C24
Change Component Designator: OldDesignator=C18 NewDesignator=C23
Change Component Designator: OldDesignator=C19 NewDesignator=C22
Change Component Designator: OldDesignator=C20 NewDesignator=C21
Change Component Designator: OldDesignator=C21 NewDesignator=C20
Change Component Designator: OldDesignator=C22 NewDesignator=C19
Change Component Designator: OldDesignator=C23 NewDesignator=C18
Change Component Designator: OldDesignator=C24 NewDesignator=C17
Change Component Designator: OldDesignator=C25 NewDesignator=C32
Change Component Designator: OldDesignator=C26 NewDesignator=C31
Change Component Designator: OldDesignator=C27 NewDesignator=C30
Change Component Designator: OldDesignator=C28 NewDesignator=C29
Change Component Designator: OldDesignator=C29 NewDesignator=C28
Change Component Designator: OldDesignator=C30 NewDesignator=C27
Change Component Designator: OldDesignator=C31 NewDesignator=C26
Change Component Designator: OldDesignator=C32 NewDesignator=C25
Change Component Designator: OldDesignator=C33 NewDesignator=C40
Change Component Designator: OldDesignator=C34 NewDesignator=C39
Change Component Designator: OldDesignator=C35 NewDesignator=C38
Change Component Designator: OldDesignator=C36 NewDesignator=C37
Change Component Designator: OldDesignator=C37 NewDesignator=C36
Change Component Designator: OldDesignator=C38 NewDesignator=C35
Change Component Designator: OldDesignator=C39 NewDesignator=C34
Change Component Designator: OldDesignator=C40 NewDesignator=C33
Change Component Designator: OldDesignator=C41 NewDesignator=C48
Change Component Designator: OldDesignator=C42 NewDesignator=C47
Change Component Designator: OldDesignator=C43 NewDesignator=C46
Change Component Designator: OldDesignator=C44 NewDesignator=C45
Change Component Designator: OldDesignator=C45 NewDesignator=C44
Change Component Designator: OldDesignator=C46 NewDesignator=C43
Change Component Designator: OldDesignator=C47 NewDesignator=C42
Change Component Designator: OldDesignator=C48 NewDesignator=C41
Change Component Designator: OldDesignator=C49 NewDesignator=C56
Change Component Designator: OldDesignator=C50 NewDesignator=C55
Change Component Designator: OldDesignator=C51 NewDesignator=C54
Change Component Designator: OldDesignator=C52 NewDesignator=C53
Change Component Designator: OldDesignator=C53 NewDesignator=C52
Change Component Designator: OldDesignator=C54 NewDesignator=C51
Change Component Designator: OldDesignator=C55 NewDesignator=C50
Change Component Designator: OldDesignator=C56 NewDesignator=C49
Change Component Designator: OldDesignator=C57 NewDesignator=C64
Change Component Designator: OldDesignator=C58 NewDesignator=C63
Change Component Designator: OldDesignator=C59 NewDesignator=C62
Change Component Designator: OldDesignator=C60 NewDesignator=C61
Change Component Designator: OldDesignator=C61 NewDesignator=C60
Change Component Designator: OldDesignator=C62 NewDesignator=C59
Change Component Designator: OldDesignator=C63 NewDesignator=C58
Change Component Designator: OldDesignator=C64 NewDesignator=C57
Change Component Designator: OldDesignator=D1 NewDesignator=D2
Change Component Designator: OldDesignator=D2 NewDesignator=D1
Change Component Designator: OldDesignator=L1 NewDesignator=LDO
Change Component Designator: OldDesignator=Matrix Key NewDesignator=FN
Change Component Designator: OldDesignator=MXM1 NewDesignator=MPX1
Change Component Designator: OldDesignator=MXM2 NewDesignator=MPX2
Change Component Designator: OldDesignator=R1 NewDesignator=R2
Change Component Designator: OldDesignator=R2 NewDesignator=R8
Change Component Designator: OldDesignator=R3 NewDesignator=R1
Change Component Designator: OldDesignator=R4 NewDesignator=R6
Change Component Designator: OldDesignator=R6 NewDesignator=R3
Change Component Designator: OldDesignator=R7 NewDesignator=R4
Change Component Designator: OldDesignator=R10 NewDesignator=R7
Change Component Designator: OldDesignator=RET6 NewDesignator=MCU
Change Component Designator: OldDesignator=RLED NewDesignator=R9
Add Pin To Net: Pin=C2-2 Old Net=SNEADJ0 New Net=SNEADJ1
Add Pin To Net: Pin=C3-2 Old Net=SNEADJ1 New Net=SNEADJ0
Add Pin To Net: Pin=C5-2 Old Net=NetC15_2 New Net=GND
Add Pin To Net: Pin=D1-1 Old Net=NetD2_1 New Net=GND
Add Pin To Net: Pin=D2-1 Old Net=NetD1_1 New Net=GND
Add Pin To Net: Pin=MCU-22 Old Net=Analog6 New Net=TouchData
Add Pin To Net: Pin=MCU-23 Old Net=Analog7 New Net=TouchClock
Add Pin To Net: Pin=MPX1-0 Old Net=NetMXM1_0 New Net=GND
Add Pin To Net: Pin=MPX1-1 Old Net=NetMXM1_1 New Net=GND
Add Pin To Net: Pin=MPX1-3 Old Net=NetMXM1_3 New Net=MOSI
Add Pin To Net: Pin=MPX1-4 Old Net=NetMXM1_4 New Net=MISO
Add Pin To Net: Pin=MPX1-5 Old Net=NetMXM1_5 New Net=SCK
Add Pin To Net: Pin=MPX1-6 Old Net=NetMXM1_6 New Net=SCL
Add Pin To Net: Pin=MPX1-7 Old Net=NetMXM1_7 New Net=SDA
Add Pin To Net: Pin=MPX1-8 Old Net=NetMXM1_8 New Net=TX5
Add Pin To Net: Pin=MPX1-9 Old Net=NetMXM1_9 New Net=RX5
Add Pin To Net: Pin=MPX1-10 Old Net=NetMXM1_10 New Net=VBAT
Add Pin To Net: Pin=MPX2-0 Old Net=NetMXM2_0 New Net=GND
Add Pin To Net: Pin=MPX2-1 Old Net=NetMXM2_1 New Net=GND
Add Pin To Net: Pin=MPX2-3 Old Net=NetMXM2_3 New Net=MOSI
Add Pin To Net: Pin=MPX2-4 Old Net=NetMXM2_4 New Net=MISO
Add Pin To Net: Pin=MPX2-5 Old Net=NetMXM2_5 New Net=SCK
Add Pin To Net: Pin=MPX2-6 Old Net=NetMXM2_6 New Net=SCL
Add Pin To Net: Pin=MPX2-7 Old Net=NetMXM2_7 New Net=SDA
Add Pin To Net: Pin=MPX2-8 Old Net=NetMXM2_8 New Net=TX3
Add Pin To Net: Pin=MPX2-9 Old Net=NetMXM2_9 New Net=RX3
Add Pin To Net: Pin=MPX2-10 Old Net=NetMXM2_10 New Net=VBAT
Add Pin To Net: Pin=R1-1 Old Net=FN New Net=BOOT0
Add Pin To Net: Pin=R5-1 Old Net=USB- New Net=USB+
Add Pin To Net: Pin=R5-2 Old Net=MCUUSB- New Net=MCUUSB+
Add Pin To Net: Pin=R6-2 Old Net=MCUUSB+ New Net=MCUUSB-
Add Pin To Net: Pin=R7-1 Old Net=CC New Net=GND
Add Pin To Net: Pin=R8-1 Old Net=BOOT0 New Net=FN
Add Pin To Net: Pin=RA1-1 Old Net=Touch2 New Net=Touch5
Add Pin To Net: Pin=RA1-2 Old Net=Touch4 New Net=Touch6
Add Pin To Net: Pin=RA1-3 Old Net=Touch5 New Net=Touch2
Add Pin To Net: Pin=RA1-4 Old Net=Touch6 New Net=Touch4
Add Pin To Net: Pin=Y1-2 Old Net=NetY1_2 New Net=GND
