Remove Pin=R2-1 From Net=BOOT0
Remove Pin=R3-1 From Net=FN
Remove Pin=R4-2 From Net=MCUUSB+
Remove Pin=R5-1 From Net=USB-
Remove Pin=R5-2 From Net=MCUUSB-
Remove Pin=RET6-1 From Net=BOOT1
Remove Pin=RET6-2 From Net=PC13
Remove Pin=RET6-3 From Net=PC14
Remove Pin=RET6-4 From Net=PC15
Remove Pin=RET6-14 From Net=Analog0
Remove Pin=RET6-15 From Net=Analog1
Remove Pin=RET6-16 From Net=Analog2
Remove Pin=RET6-17 From Net=Analog3
Remove Pin=RET6-20 From Net=Analog4
Remove Pin=RET6-21 From Net=Analog5
Remove Pin=RET6-22 From Net=Analog6
Remove Pin=RET6-23 From Net=Analog7
Remove Pin=RET6-24 From Net=Analog8
Remove Pin=RET6-25 From Net=Analog9
Remove Pin=RET6-26 From Net=Analog10
Remove Pin=RET6-27 From Net=Analog11
Remove Pin=RET6-33 From Net=KeySR
Remove Pin=RET6-34 From Net=KeyClock
Remove Pin=RET6-35 From Net=KeyOutClock
Remove Pin=RET6-36 From Net=KeyScanLoad
Remove Pin=RET6-37 From Net=KeyOutSR
Remove Pin=RET6-39 From Net=PC8
Remove Pin=RET6-40 From Net=PC9
Remove Pin=RET6-41 From Net=PA8
Change Component Footprint: Designator=R7 Old Footprint=0603 New Footprint=1608[0603]
Change Component Footprint: Designator=R10 Old Footprint=0603 New Footprint=1608[0603]
Change Component Footprint: Designator=C1 Old Footprint=C1206 New Footprint=1608[0603]
Change Component Footprint: Designator=C1 Old Footprint=C1206 New Footprint=1608[0603]
Change Component Footprint: Designator=C2 Old Footprint=C1206 New Footprint=1608[0603]
Change Component Footprint: Designator=C2 Old Footprint=C1206 New Footprint=1608[0603]
Change Component Footprint: Designator=C3 Old Footprint=C1206 New Footprint=1608[0603]
Change Component Footprint: Designator=C3 Old Footprint=C1206 New Footprint=1608[0603]
Change Component Footprint: Designator=C4 Old Footprint=C1206 New Footprint=1608[0603]
Change Component Footprint: Designator=C4 Old Footprint=C1206 New Footprint=1608[0603]
Change Component Footprint: Designator=C5 Old Footprint=C1206 New Footprint=1608[0603]
Change Component Footprint: Designator=C6 Old Footprint=C1206 New Footprint=1608[0603]
Change Component Footprint: Designator=C7 Old Footprint=C1206 New Footprint=1608[0603]
Change Component Footprint: Designator=C8 Old Footprint=C1206 New Footprint=1608[0603]
Change Component Footprint: Designator=C9 Old Footprint=C1206 New Footprint=1608[0603]
Change Component Footprint: Designator=C9 Old Footprint=C1206 New Footprint=1608[0603]
Change Component Footprint: Designator=C10 Old Footprint=C1206 New Footprint=1608[0603]
Change Component Footprint: Designator=C11 Old Footprint=C1206 New Footprint=1608[0603]
Change Component Footprint: Designator=C11 Old Footprint=C1206 New Footprint=1608[0603]
Change Component Footprint: Designator=C12 Old Footprint=C1206 New Footprint=1608[0603]
Change Component Footprint: Designator=C13 Old Footprint=C1206 New Footprint=1608[0603]
Change Component Footprint: Designator=C14 Old Footprint=C1206 New Footprint=1608[0603]
Change Component Footprint: Designator=C15 Old Footprint=C1206 New Footprint=1608[0603]
Change Component Footprint: Designator=C16 Old Footprint=C1206 New Footprint=1608[0603]
Change Component Footprint: Designator=C17 Old Footprint=C1206 New Footprint=1608[0603]
Change Component Footprint: Designator=C18 Old Footprint=C1206 New Footprint=1608[0603]
Change Component Footprint: Designator=C19 Old Footprint=C1206 New Footprint=1608[0603]
Change Component Footprint: Designator=C20 Old Footprint=C1206 New Footprint=1608[0603]
Change Component Footprint: Designator=C21 Old Footprint=C1206 New Footprint=1608[0603]
Change Component Footprint: Designator=C22 Old Footprint=C1206 New Footprint=1608[0603]
Change Component Footprint: Designator=C23 Old Footprint=C1206 New Footprint=1608[0603]
Change Component Footprint: Designator=C24 Old Footprint=C1206 New Footprint=1608[0603]
Change Component Footprint: Designator=C25 Old Footprint=C1206 New Footprint=1608[0603]
Change Component Footprint: Designator=C26 Old Footprint=C1206 New Footprint=1608[0603]
Change Component Footprint: Designator=C27 Old Footprint=C1206 New Footprint=1608[0603]
Change Component Footprint: Designator=C28 Old Footprint=C1206 New Footprint=1608[0603]
Change Component Footprint: Designator=C29 Old Footprint=C1206 New Footprint=1608[0603]
Change Component Footprint: Designator=C30 Old Footprint=C1206 New Footprint=1608[0603]
Change Component Footprint: Designator=C31 Old Footprint=C1206 New Footprint=1608[0603]
Change Component Footprint: Designator=C32 Old Footprint=C1206 New Footprint=1608[0603]
Change Component Footprint: Designator=C33 Old Footprint=C1206 New Footprint=1608[0603]
Change Component Footprint: Designator=C34 Old Footprint=C1206 New Footprint=1608[0603]
Change Component Footprint: Designator=C35 Old Footprint=C1206 New Footprint=1608[0603]
Change Component Footprint: Designator=C36 Old Footprint=C1206 New Footprint=1608[0603]
Change Component Footprint: Designator=C37 Old Footprint=C1206 New Footprint=1608[0603]
Change Component Footprint: Designator=C38 Old Footprint=C1206 New Footprint=1608[0603]
Change Component Footprint: Designator=C39 Old Footprint=C1206 New Footprint=1608[0603]
Change Component Footprint: Designator=C40 Old Footprint=C1206 New Footprint=1608[0603]
Change Component Footprint: Designator=C41 Old Footprint=C1206 New Footprint=1608[0603]
Change Component Footprint: Designator=C42 Old Footprint=C1206 New Footprint=1608[0603]
Change Component Footprint: Designator=C43 Old Footprint=C1206 New Footprint=1608[0603]
Change Component Footprint: Designator=C44 Old Footprint=C1206 New Footprint=1608[0603]
Change Component Footprint: Designator=C45 Old Footprint=C1206 New Footprint=1608[0603]
Change Component Footprint: Designator=C46 Old Footprint=C1206 New Footprint=1608[0603]
Change Component Footprint: Designator=C47 Old Footprint=C1206 New Footprint=1608[0603]
Change Component Footprint: Designator=C48 Old Footprint=C1206 New Footprint=1608[0603]
Change Component Footprint: Designator=C49 Old Footprint=C1206 New Footprint=1608[0603]
Change Component Footprint: Designator=C50 Old Footprint=C1206 New Footprint=1608[0603]
Change Component Footprint: Designator=C51 Old Footprint=C1206 New Footprint=1608[0603]
Change Component Footprint: Designator=C52 Old Footprint=C1206 New Footprint=1608[0603]
Change Component Footprint: Designator=C53 Old Footprint=C1206 New Footprint=1608[0603]
Change Component Footprint: Designator=C54 Old Footprint=C1206 New Footprint=1608[0603]
Change Component Footprint: Designator=C55 Old Footprint=C1206 New Footprint=1608[0603]
Change Component Footprint: Designator=C56 Old Footprint=C1206 New Footprint=1608[0603]
Change Component Footprint: Designator=C57 Old Footprint=C1206 New Footprint=1608[0603]
Change Component Footprint: Designator=C58 Old Footprint=C1206 New Footprint=1608[0603]
Change Component Footprint: Designator=C59 Old Footprint=C1206 New Footprint=1608[0603]
Change Component Footprint: Designator=C60 Old Footprint=C1206 New Footprint=1608[0603]
Change Component Footprint: Designator=C61 Old Footprint=C1206 New Footprint=1608[0603]
Change Component Footprint: Designator=C62 Old Footprint=C1206 New Footprint=1608[0603]
Change Component Footprint: Designator=C63 Old Footprint=C1206 New Footprint=1608[0603]
Change Component Footprint: Designator=C64 Old Footprint=C1206 New Footprint=1608[0603]
Change Component Footprint: Designator=Matrix Key Old Footprint=dome button New Footprint=sw5x5
Change Component Comment: Designator=TouchBar1 Old Comment=6 pin fpc New Comment=Comment
Change Component Comment: Designator=TouchBar2 Old Comment=6 pin fpc New Comment=Comment
Change Component Comment: Designator=PPTC Old Comment=1000ma New Comment=Fuse 1
Change Component Comment: Designator=Matrix Key Old Comment=System New Comment=Comment
Change Component Comment: Designator=SWD Old Comment=System New Comment=SWD
Change Component Comment: Designator=1 Old Comment=System New Comment=USBC 16PIN
Change Component Comment: Designator=TOUCH IC Old Comment=TTP229 New Comment=Comment
Change Component Designator: OldDesignator=1 NewDesignator=USB-C
Change Component Designator: OldDesignator=C6 NewDesignator=C5
Change Component Designator: OldDesignator=C7 NewDesignator=C6
Change Component Designator: OldDesignator=C9 NewDesignator=C8
Change Component Designator: OldDesignator=C10 NewDesignator=C9
Change Component Designator: OldDesignator=C11 NewDesignator=C10
Change Component Designator: OldDesignator=C12 NewDesignator=C11
Change Component Designator: OldDesignator=L1 NewDesignator=LDO
Change Component Designator: OldDesignator=Matrix Key NewDesignator=FN
Change Component Designator: OldDesignator=R5 NewDesignator=R3
Change Component Designator: OldDesignator=RET6 NewDesignator=MCU
Change Component Designator: OldDesignator=TOUCH IC NewDesignator=Designator9
Add Pin To Net: Pin=D1-1 Old Net=NetD1_1 New Net=VBAT
Add Pin To Net: Pin=D2-1 Old Net=NetD2_1 New Net=VBAT
Add Pin To Net: Pin=Designator9-1 Old Net=NetTOUCH IC_1 New Net=VBAT
Add Pin To Net: Pin=Designator9-2 Old Net=Touch4 New Net=VBAT
Add Pin To Net: Pin=Designator9-3 Old Net=Touch3 New Net=VBAT
Add Pin To Net: Pin=Designator9-4 Old Net=NetTOUCH IC_4 New Net=VBAT
Add Pin To Net: Pin=Designator9-5 Old Net=Touch2 New Net=VBAT
Add Pin To Net: Pin=Designator9-6 Old Net=NetTOUCH IC_6 New Net=VBAT
Add Pin To Net: Pin=Designator9-7 Old Net=NetTOUCH IC_7 New Net=VBAT
Add Pin To Net: Pin=Designator9-8 Old Net=NetTOUCH IC_8 New Net=VBAT
Add Pin To Net: Pin=Designator9-9 Old Net=NetTOUCH IC_9 New Net=VBAT
Add Pin To Net: Pin=Designator9-10 Old Net=NetTOUCH IC_10 New Net=VBAT
Add Pin To Net: Pin=Designator9-11 Old Net=NetTOUCH IC_11 New Net=VBAT
Add Pin To Net: Pin=Designator9-12 Old Net=NetTOUCH IC_12 New Net=VBAT
Add Pin To Net: Pin=Designator9-13 Old Net=NetTOUCH IC_13 New Net=VBAT
Add Pin To Net: Pin=MCU-1 Old Net=BOOT1 New Net=RESET
Add Pin To Net: Pin=MCU-2 Old Net=PC13 New Net=Key8
Add Pin To Net: Pin=MCU-3 Old Net=PC14 New Net=Key7
Add Pin To Net: Pin=MCU-4 Old Net=PC15 New Net=Key6
Add Pin To Net: Pin=MCU-14 Old Net=Analog0 New Net=KeyRead5
Add Pin To Net: Pin=MCU-15 Old Net=Analog1 New Net=KeyRead4
Add Pin To Net: Pin=MCU-16 Old Net=Analog2 New Net=KeyRead3
Add Pin To Net: Pin=MCU-17 Old Net=Analog3 New Net=KeyRead6
Add Pin To Net: Pin=MCU-24 Old Net=Analog8 New Net=KeyRead8
Add Pin To Net: Pin=MCU-25 Old Net=Analog9 New Net=KeyRead7
Add Pin To Net: Pin=MCU-26 Old Net=Analog10 New Net=KeyRead2
Add Pin To Net: Pin=MCU-27 Old Net=Analog11 New Net=KeyRead1
Add Pin To Net: Pin=MCU-33 Old Net=KeySR New Net=Key4
Add Pin To Net: Pin=MCU-34 Old Net=KeyClock New Net=Key3
Add Pin To Net: Pin=MCU-35 Old Net=KeyOutClock New Net=Key2
Add Pin To Net: Pin=MCU-36 Old Net=KeyScanLoad New Net=Key1
Add Pin To Net: Pin=MCU-37 Old Net=KeyOutSR New Net=Key5
Add Pin To Net: Pin=MCU-40 Old Net=PC9 New Net=CC
Add Pin To Net: Pin=MCU-41 Old Net=PA8 New Net=PowerCord
Add Pin To Net: Pin=R3-1 Old Net=USB- New Net=USB+
Add Pin To Net: Pin=R3-2 Old Net=MCUUSB- New Net=MCUUSB+
Add Pin To Net: Pin=R4-2 Old Net=MCUUSB+ New Net=MCUUSB-
Add Pin To Net: Pin=TouchBar1-0 Old Net=NetTouchBar1_0 New Net=VBAT
Add Pin To Net: Pin=TouchBar1-1 Old Net=NetTouchBar1_1 New Net=VBAT
Add Pin To Net: Pin=TouchBar1-6 Old Net=NetTouchBar1_6 New Net=VBAT
Add Pin To Net: Pin=TouchBar2-0 Old Net=NetTouchBar2_0 New Net=VBAT
Add Pin To Net: Pin=TouchBar2-1 Old Net=NetTouchBar2_1 New Net=VBAT
Add Pin To Net: Pin=TouchBar2-6 Old Net=NetTouchBar2_6 New Net=VBAT
Change Pin Designator/Name:  Old Designator=PPTC-1 Old Name=1 New Designator =2 New Name=2
Change Pin Designator/Name:  Old Designator=PPTC-2 Old Name=2 New Designator =1 New Name=1
Change Pin Designator/Name:  Old Designator=R10-1 Old Name=1 New Designator =2 New Name=2
Change Pin Designator/Name:  Old Designator=R10-2 Old Name=2 New Designator =1 New Name=1
